{
"D:\\projects-git\\hwl.PatternsLibrary\\components\\footer\\footer.js":{"path":"D:\\projects-git\\hwl.PatternsLibrary\\components\\footer\\footer.js","s":{"1":1,"2":1,"3":1,"4":1,"5":1,"6":1,"7":1,"8":1,"9":1,"10":1,"11":1,"12":1,"13":1,"14":1,"15":1,"16":0,"17":1,"18":1,"19":1,"20":1,"21":1,"22":1,"23":1,"24":1,"25":1,"26":1,"27":1,"28":1,"29":1,"30":5,"31":1,"32":1,"33":1,"34":1,"35":0,"36":0,"37":0,"38":1,"39":1,"40":0,"41":1,"42":1,"43":1,"44":1,"45":1,"46":1,"47":1,"48":0,"49":1,"50":0,"51":1,"52":1},"b":{"1":[1,1],"2":[1,0],"3":[1,0],"4":[0,1],"5":[2,3],"6":[5,3],"7":[1,0],"8":[0,0],"9":[0,0],"10":[0,0,0],"11":[0,1],"12":[1,0],"13":[1,1],"14":[1,0],"15":[1,0],"16":[1,0]},"f":{"1":1,"2":1,"3":1,"4":5,"5":1,"6":0,"7":1,"8":1,"9":1,"10":0},"fnMap":{"1":{"name":"(anonymous_1)","line":1,"loc":{"start":{"line":1,"column":122},"end":{"line":1,"column":134}}},"2":{"name":"defineProperties","line":1,"loc":{"start":{"line":1,"column":135},"end":{"line":1,"column":176}}},"3":{"name":"(anonymous_3)","line":1,"loc":{"start":{"line":1,"column":450},"end":{"line":1,"column":498}}},"4":{"name":"_interopRequireDefault","line":5,"loc":{"start":{"line":5,"column":110},"end":{"line":5,"column":147}}},"5":{"name":"_classCallCheck","line":5,"loc":{"start":{"line":5,"column":203},"end":{"line":5,"column":251}}},"6":{"name":"_possibleConstructorReturn","line":5,"loc":{"start":{"line":5,"column":352},"end":{"line":5,"column":400}}},"7":{"name":"_inherits","line":5,"loc":{"start":{"line":5,"column":587},"end":{"line":5,"column":628}}},"8":{"name":"(anonymous_8)","line":9,"loc":{"start":{"line":9,"column":80},"end":{"line":9,"column":102}}},"9":{"name":"Footer","line":9,"loc":{"start":{"line":9,"column":133},"end":{"line":9,"column":151}}},"10":{"name":"render","line":9,"loc":{"start":{"line":9,"column":323},"end":{"line":10,"column":2}}}},"statementMap":{"1":{"start":{"line":1,"column":13},"end":{"line":1,"column":75}},"2":{"start":{"line":1,"column":75},"end":{"line":1,"column":103}},"3":{"start":{"line":1,"column":103},"end":{"line":1,"column":652}},"4":{"start":{"line":1,"column":135},"end":{"line":1,"column":443}},"5":{"start":{"line":1,"column":177},"end":{"line":1,"column":442}},"6":{"start":{"line":1,"column":217},"end":{"line":1,"column":243}},"7":{"start":{"line":1,"column":243},"end":{"line":1,"column":298}},"8":{"start":{"line":1,"column":298},"end":{"line":1,"column":329}},"9":{"start":{"line":1,"column":329},"end":{"line":1,"column":383}},"10":{"start":{"line":1,"column":356},"end":{"line":1,"column":383}},"11":{"start":{"line":1,"column":383},"end":{"line":1,"column":441}},"12":{"start":{"line":1,"column":443},"end":{"line":1,"column":648}},"13":{"start":{"line":1,"column":499},"end":{"line":1,"column":567}},"14":{"start":{"line":1,"column":515},"end":{"line":1,"column":567}},"15":{"start":{"line":1,"column":567},"end":{"line":1,"column":627}},"16":{"start":{"line":1,"column":584},"end":{"line":1,"column":627}},"17":{"start":{"line":1,"column":627},"end":{"line":1,"column":646}},"18":{"start":{"line":1,"column":652},"end":{"line":1,"column":669}},"19":{"start":{"line":1,"column":669},"end":{"line":1,"column":699}},"20":{"start":{"line":1,"column":699},"end":{"line":1,"column":744}},"21":{"start":{"line":2,"column":0},"end":{"line":2,"column":49}},"22":{"start":{"line":2,"column":49},"end":{"line":2,"column":112}},"23":{"start":{"line":3,"column":0},"end":{"line":3,"column":46}},"24":{"start":{"line":3,"column":46},"end":{"line":3,"column":89}},"25":{"start":{"line":4,"column":0},"end":{"line":4,"column":39}},"26":{"start":{"line":4,"column":39},"end":{"line":4,"column":86}},"27":{"start":{"line":5,"column":0},"end":{"line":5,"column":55}},"28":{"start":{"line":5,"column":55},"end":{"line":5,"column":110}},"29":{"start":{"line":5,"column":110},"end":{"line":5,"column":203}},"30":{"start":{"line":5,"column":148},"end":{"line":5,"column":202}},"31":{"start":{"line":5,"column":203},"end":{"line":5,"column":352}},"32":{"start":{"line":5,"column":252},"end":{"line":5,"column":351}},"33":{"start":{"line":5,"column":293},"end":{"line":5,"column":350}},"34":{"start":{"line":5,"column":352},"end":{"line":5,"column":587}},"35":{"start":{"line":5,"column":401},"end":{"line":5,"column":500}},"36":{"start":{"line":5,"column":413},"end":{"line":5,"column":499}},"37":{"start":{"line":5,"column":500},"end":{"line":5,"column":586}},"38":{"start":{"line":5,"column":587},"end":{"line":5,"column":1075}},"39":{"start":{"line":5,"column":629},"end":{"line":5,"column":792}},"40":{"start":{"line":5,"column":691},"end":{"line":5,"column":791}},"41":{"start":{"line":5,"column":792},"end":{"line":5,"column":956}},"42":{"start":{"line":5,"column":956},"end":{"line":5,"column":1074}},"43":{"start":{"line":5,"column":972},"end":{"line":5,"column":1074}},"44":{"start":{"line":5,"column":1075},"end":{"line":100,"column":265}},"45":{"start":{"line":9,"column":103},"end":{"line":9,"column":133}},"46":{"start":{"line":9,"column":133},"end":{"line":9,"column":277}},"47":{"start":{"line":9,"column":152},"end":{"line":9,"column":182}},"48":{"start":{"line":9,"column":182},"end":{"line":9,"column":276}},"49":{"start":{"line":9,"column":277},"end":{"line":100,"column":219}},"50":{"start":{"line":11,"column":3},"end":{"line":100,"column":213}},"51":{"start":{"line":100,"column":219},"end":{"line":100,"column":233}},"52":{"start":{"line":100,"column":265},"end":{"line":100,"column":290}}},"branchMap":{"1":{"line":1,"type":"binary-expr","locations":[{"start":{"line":1,"column":267},"end":{"line":1,"column":288}},{"start":{"line":1,"column":292},"end":{"line":1,"column":297}}]},"2":{"line":1,"type":"if","locations":[{"start":{"line":1,"column":329},"end":{"line":1,"column":329}},{"start":{"line":1,"column":329},"end":{"line":1,"column":329}}]},"3":{"line":1,"type":"if","locations":[{"start":{"line":1,"column":499},"end":{"line":1,"column":499}},{"start":{"line":1,"column":499},"end":{"line":1,"column":499}}]},"4":{"line":1,"type":"if","locations":[{"start":{"line":1,"column":567},"end":{"line":1,"column":567}},{"start":{"line":1,"column":567},"end":{"line":1,"column":567}}]},"5":{"line":5,"type":"cond-expr","locations":[{"start":{"line":5,"column":179},"end":{"line":5,"column":182}},{"start":{"line":5,"column":185},"end":{"line":5,"column":201}}]},"6":{"line":5,"type":"binary-expr","locations":[{"start":{"line":5,"column":155},"end":{"line":5,"column":158}},{"start":{"line":5,"column":162},"end":{"line":5,"column":176}}]},"7":{"line":5,"type":"if","locations":[{"start":{"line":5,"column":252},"end":{"line":5,"column":252}},{"start":{"line":5,"column":252},"end":{"line":5,"column":252}}]},"8":{"line":5,"type":"if","locations":[{"start":{"line":5,"column":401},"end":{"line":5,"column":401}},{"start":{"line":5,"column":401},"end":{"line":5,"column":401}}]},"9":{"line":5,"type":"cond-expr","locations":[{"start":{"line":5,"column":574},"end":{"line":5,"column":578}},{"start":{"line":5,"column":581},"end":{"line":5,"column":585}}]},"10":{"line":5,"type":"binary-expr","locations":[{"start":{"line":5,"column":507},"end":{"line":5,"column":511}},{"start":{"line":5,"column":516},"end":{"line":5,"column":540}},{"start":{"line":5,"column":544},"end":{"line":5,"column":570}}]},"11":{"line":5,"type":"if","locations":[{"start":{"line":5,"column":629},"end":{"line":5,"column":629}},{"start":{"line":5,"column":629},"end":{"line":5,"column":629}}]},"12":{"line":5,"type":"binary-expr","locations":[{"start":{"line":5,"column":633},"end":{"line":5,"column":665}},{"start":{"line":5,"column":669},"end":{"line":5,"column":688}}]},"13":{"line":5,"type":"binary-expr","locations":[{"start":{"line":5,"column":827},"end":{"line":5,"column":837}},{"start":{"line":5,"column":841},"end":{"line":5,"column":861}}]},"14":{"line":5,"type":"if","locations":[{"start":{"line":5,"column":956},"end":{"line":5,"column":956}},{"start":{"line":5,"column":956},"end":{"line":5,"column":956}}]},"15":{"line":5,"type":"cond-expr","locations":[{"start":{"line":5,"column":996},"end":{"line":5,"column":1039}},{"start":{"line":5,"column":1042},"end":{"line":5,"column":1073}}]},"16":{"line":9,"type":"binary-expr","locations":[{"start":{"line":9,"column":66},"end":{"line":100,"column":253}},{"start":{"line":100,"column":257},"end":{"line":100,"column":263}}]}},"l":{"1":1,"2":1,"3":1,"4":1,"5":5,"9":1,"11":0,"100":1}},
"D:\\projects-git\\hwl.PatternsLibrary\\test-config\\empty-module.js":{"path":"D:\\projects-git\\hwl.PatternsLibrary\\test-config\\empty-module.js","s":{"1":2},"b":{},"f":{},"fnMap":{},"statementMap":{"1":{"start":{"line":4,"column":0},"end":{"line":4,"column":20}}},"branchMap":{},"l":{"4":2}},
"D:\\projects-git\\hwl.PatternsLibrary\\components\\footer\\search-site\\search-site.js":{"path":"D:\\projects-git\\hwl.PatternsLibrary\\components\\footer\\search-site\\search-site.js","s":{"1":1,"2":1,"3":1,"4":1,"5":1,"6":5,"7":5,"8":5,"9":5,"10":5,"11":5,"12":1,"13":1,"14":1,"15":1,"16":0,"17":1,"18":1,"19":1,"20":1,"21":1,"22":1,"23":1,"24":1,"25":1,"26":3,"27":1,"28":1,"29":1,"30":1,"31":0,"32":0,"33":0,"34":1,"35":1,"36":0,"37":1,"38":1,"39":1,"40":1,"41":1,"42":1,"43":1,"44":1,"45":0,"46":0,"47":0,"48":0,"49":0,"50":0,"51":1,"52":0,"53":0,"54":0,"55":0,"56":0,"57":0,"58":0,"59":1,"60":1},"b":{"1":[5,5],"2":[5,0],"3":[1,0],"4":[0,1],"5":[1,2],"6":[3,2],"7":[1,0],"8":[0,0],"9":[0,0],"10":[0,0,0],"11":[0,1],"12":[1,0],"13":[1,1],"14":[1,0],"15":[1,0],"16":[1,0],"17":[0,0]},"f":{"1":1,"2":1,"3":1,"4":3,"5":1,"6":0,"7":1,"8":1,"9":1,"10":0,"11":0,"12":0,"13":0,"14":0},"fnMap":{"1":{"name":"(anonymous_1)","line":1,"loc":{"start":{"line":1,"column":122},"end":{"line":1,"column":134}}},"2":{"name":"defineProperties","line":1,"loc":{"start":{"line":1,"column":135},"end":{"line":1,"column":176}}},"3":{"name":"(anonymous_3)","line":1,"loc":{"start":{"line":1,"column":450},"end":{"line":1,"column":498}}},"4":{"name":"_interopRequireDefault","line":3,"loc":{"start":{"line":3,"column":103},"end":{"line":3,"column":140}}},"5":{"name":"_classCallCheck","line":3,"loc":{"start":{"line":3,"column":196},"end":{"line":3,"column":244}}},"6":{"name":"_possibleConstructorReturn","line":3,"loc":{"start":{"line":3,"column":345},"end":{"line":3,"column":393}}},"7":{"name":"_inherits","line":3,"loc":{"start":{"line":3,"column":580},"end":{"line":3,"column":621}}},"8":{"name":"(anonymous_8)","line":8,"loc":{"start":{"line":8,"column":88},"end":{"line":8,"column":110}}},"9":{"name":"SearchSite","line":9,"loc":{"start":{"line":9,"column":1},"end":{"line":9,"column":28}}},"10":{"name":"onInputChange","line":14,"loc":{"start":{"line":14,"column":129},"end":{"line":17,"column":7}}},"11":{"name":"detectEnterKey","line":18,"loc":{"start":{"line":18,"column":82},"end":{"line":21,"column":7}}},"12":{"name":"submitSearch","line":23,"loc":{"start":{"line":23,"column":57},"end":{"line":27,"column":7}}},"13":{"name":"targetUrl","line":29,"loc":{"start":{"line":29,"column":52},"end":{"line":32,"column":2}}},"14":{"name":"render","line":33,"loc":{"start":{"line":33,"column":83},"end":{"line":36,"column":2}}}},"statementMap":{"1":{"start":{"line":1,"column":13},"end":{"line":1,"column":75}},"2":{"start":{"line":1,"column":75},"end":{"line":1,"column":103}},"3":{"start":{"line":1,"column":103},"end":{"line":1,"column":652}},"4":{"start":{"line":1,"column":135},"end":{"line":1,"column":443}},"5":{"start":{"line":1,"column":177},"end":{"line":1,"column":442}},"6":{"start":{"line":1,"column":217},"end":{"line":1,"column":243}},"7":{"start":{"line":1,"column":243},"end":{"line":1,"column":298}},"8":{"start":{"line":1,"column":298},"end":{"line":1,"column":329}},"9":{"start":{"line":1,"column":329},"end":{"line":1,"column":383}},"10":{"start":{"line":1,"column":356},"end":{"line":1,"column":383}},"11":{"start":{"line":1,"column":383},"end":{"line":1,"column":441}},"12":{"start":{"line":1,"column":443},"end":{"line":1,"column":648}},"13":{"start":{"line":1,"column":499},"end":{"line":1,"column":567}},"14":{"start":{"line":1,"column":515},"end":{"line":1,"column":567}},"15":{"start":{"line":1,"column":567},"end":{"line":1,"column":627}},"16":{"start":{"line":1,"column":584},"end":{"line":1,"column":627}},"17":{"start":{"line":1,"column":627},"end":{"line":1,"column":646}},"18":{"start":{"line":1,"column":652},"end":{"line":1,"column":669}},"19":{"start":{"line":1,"column":669},"end":{"line":1,"column":699}},"20":{"start":{"line":1,"column":699},"end":{"line":1,"column":744}},"21":{"start":{"line":2,"column":0},"end":{"line":2,"column":49}},"22":{"start":{"line":2,"column":49},"end":{"line":2,"column":112}},"23":{"start":{"line":3,"column":0},"end":{"line":3,"column":48}},"24":{"start":{"line":3,"column":48},"end":{"line":3,"column":103}},"25":{"start":{"line":3,"column":103},"end":{"line":3,"column":196}},"26":{"start":{"line":3,"column":141},"end":{"line":3,"column":195}},"27":{"start":{"line":3,"column":196},"end":{"line":3,"column":345}},"28":{"start":{"line":3,"column":245},"end":{"line":3,"column":344}},"29":{"start":{"line":3,"column":286},"end":{"line":3,"column":343}},"30":{"start":{"line":3,"column":345},"end":{"line":3,"column":580}},"31":{"start":{"line":3,"column":394},"end":{"line":3,"column":493}},"32":{"start":{"line":3,"column":406},"end":{"line":3,"column":492}},"33":{"start":{"line":3,"column":493},"end":{"line":3,"column":579}},"34":{"start":{"line":3,"column":580},"end":{"line":3,"column":1068}},"35":{"start":{"line":3,"column":622},"end":{"line":3,"column":785}},"36":{"start":{"line":3,"column":684},"end":{"line":3,"column":784}},"37":{"start":{"line":3,"column":785},"end":{"line":3,"column":949}},"38":{"start":{"line":3,"column":949},"end":{"line":3,"column":1067}},"39":{"start":{"line":3,"column":965},"end":{"line":3,"column":1067}},"40":{"start":{"line":5,"column":0},"end":{"line":5,"column":60}},"41":{"start":{"line":5,"column":60},"end":{"line":45,"column":93}},"42":{"start":{"line":8,"column":111},"end":{"line":8,"column":145}},"43":{"start":{"line":9,"column":1},"end":{"line":14,"column":72}},"44":{"start":{"line":9,"column":29},"end":{"line":9,"column":63}},"45":{"start":{"line":9,"column":63},"end":{"line":10,"column":10}},"46":{"start":{"line":11,"column":2},"end":{"line":11,"column":29}},"47":{"start":{"line":12,"column":2},"end":{"line":12,"column":56}},"48":{"start":{"line":13,"column":2},"end":{"line":13,"column":54}},"49":{"start":{"line":14,"column":2},"end":{"line":14,"column":58}},"50":{"start":{"line":14,"column":58},"end":{"line":14,"column":71}},"51":{"start":{"line":14,"column":72},"end":{"line":45,"column":43}},"52":{"start":{"line":18,"column":3},"end":{"line":18,"column":45}},"53":{"start":{"line":22,"column":3},"end":{"line":23,"column":22}},"54":{"start":{"line":23,"column":4},"end":{"line":23,"column":21}},"55":{"start":{"line":28,"column":3},"end":{"line":28,"column":24}},"56":{"start":{"line":29,"column":3},"end":{"line":29,"column":20}},"57":{"start":{"line":33,"column":3},"end":{"line":33,"column":54}},"58":{"start":{"line":37,"column":3},"end":{"line":45,"column":37}},"59":{"start":{"line":45,"column":43},"end":{"line":45,"column":61}},"60":{"start":{"line":45,"column":93},"end":{"line":45,"column":122}}},"branchMap":{"1":{"line":1,"type":"binary-expr","locations":[{"start":{"line":1,"column":267},"end":{"line":1,"column":288}},{"start":{"line":1,"column":292},"end":{"line":1,"column":297}}]},"2":{"line":1,"type":"if","locations":[{"start":{"line":1,"column":329},"end":{"line":1,"column":329}},{"start":{"line":1,"column":329},"end":{"line":1,"column":329}}]},"3":{"line":1,"type":"if","locations":[{"start":{"line":1,"column":499},"end":{"line":1,"column":499}},{"start":{"line":1,"column":499},"end":{"line":1,"column":499}}]},"4":{"line":1,"type":"if","locations":[{"start":{"line":1,"column":567},"end":{"line":1,"column":567}},{"start":{"line":1,"column":567},"end":{"line":1,"column":567}}]},"5":{"line":3,"type":"cond-expr","locations":[{"start":{"line":3,"column":172},"end":{"line":3,"column":175}},{"start":{"line":3,"column":178},"end":{"line":3,"column":194}}]},"6":{"line":3,"type":"binary-expr","locations":[{"start":{"line":3,"column":148},"end":{"line":3,"column":151}},{"start":{"line":3,"column":155},"end":{"line":3,"column":169}}]},"7":{"line":3,"type":"if","locations":[{"start":{"line":3,"column":245},"end":{"line":3,"column":245}},{"start":{"line":3,"column":245},"end":{"line":3,"column":245}}]},"8":{"line":3,"type":"if","locations":[{"start":{"line":3,"column":394},"end":{"line":3,"column":394}},{"start":{"line":3,"column":394},"end":{"line":3,"column":394}}]},"9":{"line":3,"type":"cond-expr","locations":[{"start":{"line":3,"column":567},"end":{"line":3,"column":571}},{"start":{"line":3,"column":574},"end":{"line":3,"column":578}}]},"10":{"line":3,"type":"binary-expr","locations":[{"start":{"line":3,"column":500},"end":{"line":3,"column":504}},{"start":{"line":3,"column":509},"end":{"line":3,"column":533}},{"start":{"line":3,"column":537},"end":{"line":3,"column":563}}]},"11":{"line":3,"type":"if","locations":[{"start":{"line":3,"column":622},"end":{"line":3,"column":622}},{"start":{"line":3,"column":622},"end":{"line":3,"column":622}}]},"12":{"line":3,"type":"binary-expr","locations":[{"start":{"line":3,"column":626},"end":{"line":3,"column":658}},{"start":{"line":3,"column":662},"end":{"line":3,"column":681}}]},"13":{"line":3,"type":"binary-expr","locations":[{"start":{"line":3,"column":820},"end":{"line":3,"column":830}},{"start":{"line":3,"column":834},"end":{"line":3,"column":854}}]},"14":{"line":3,"type":"if","locations":[{"start":{"line":3,"column":949},"end":{"line":3,"column":949}},{"start":{"line":3,"column":949},"end":{"line":3,"column":949}}]},"15":{"line":3,"type":"cond-expr","locations":[{"start":{"line":3,"column":989},"end":{"line":3,"column":1032}},{"start":{"line":3,"column":1035},"end":{"line":3,"column":1066}}]},"16":{"line":8,"type":"binary-expr","locations":[{"start":{"line":8,"column":74},"end":{"line":45,"column":81}},{"start":{"line":45,"column":85},"end":{"line":45,"column":91}}]},"17":{"line":22,"type":"if","locations":[{"start":{"line":22,"column":3},"end":{"line":22,"column":3}},{"start":{"line":22,"column":3},"end":{"line":22,"column":3}}]}},"l":{"1":5,"2":1,"3":3,"5":1,"8":1,"9":1,"11":0,"12":0,"13":0,"14":1,"18":0,"22":0,"23":0,"28":0,"29":0,"33":0,"37":0,"45":1}}}
