TN:
SF:D:\projects-git\hwl.PatternsLibrary\components\footer\footer.js
FN:1,(anonymous_1)
FN:1,defineProperties
FN:1,(anonymous_3)
FN:5,_interopRequireDefault
FN:5,_classCallCheck
FN:5,_possibleConstructorReturn
FN:5,_inherits
FN:9,(anonymous_8)
FN:9,Footer
FN:9,render
FNF:10
FNH:8
FNDA:1,(anonymous_1)
FNDA:1,defineProperties
FNDA:1,(anonymous_3)
FNDA:5,_interopRequireDefault
FNDA:1,_classCallCheck
FNDA:0,_possibleConstructorReturn
FNDA:1,_inherits
FNDA:1,(anonymous_8)
FNDA:1,Footer
FNDA:0,render
DA:1,1
DA:2,1
DA:3,1
DA:4,1
DA:5,5
DA:9,1
DA:11,0
DA:100,1
LF:8
LH:7
BRDA:1,1,0,1
BRDA:1,1,1,1
BRDA:1,2,0,1
BRDA:1,2,1,0
BRDA:1,3,0,1
BRDA:1,3,1,0
BRDA:1,4,0,0
BRDA:1,4,1,1
BRDA:5,5,0,2
BRDA:5,5,1,3
BRDA:5,6,0,5
BRDA:5,6,1,3
BRDA:5,7,0,1
BRDA:5,7,1,0
BRDA:5,8,0,0
BRDA:5,8,1,0
BRDA:5,9,0,0
BRDA:5,9,1,0
BRDA:5,10,0,0
BRDA:5,10,1,0
BRDA:5,10,2,0
BRDA:5,11,0,0
BRDA:5,11,1,1
BRDA:5,12,0,1
BRDA:5,12,1,0
BRDA:5,13,0,1
BRDA:5,13,1,1
BRDA:5,14,0,1
BRDA:5,14,1,0
BRDA:5,15,0,1
BRDA:5,15,1,0
BRDA:9,16,0,1
BRDA:9,16,1,0
BRF:33
BRH:17
end_of_record
TN:
SF:D:\projects-git\hwl.PatternsLibrary\test-config\empty-module.js
FNF:0
FNH:0
DA:4,2
LF:1
LH:1
BRF:0
BRH:0
end_of_record
TN:
SF:D:\projects-git\hwl.PatternsLibrary\components\footer\search-site\search-site.js
FN:1,(anonymous_1)
FN:1,defineProperties
FN:1,(anonymous_3)
FN:3,_interopRequireDefault
FN:3,_classCallCheck
FN:3,_possibleConstructorReturn
FN:3,_inherits
FN:8,(anonymous_8)
FN:9,SearchSite
FN:14,onInputChange
FN:18,detectEnterKey
FN:23,submitSearch
FN:29,targetUrl
FN:33,render
FNF:14
FNH:8
FNDA:1,(anonymous_1)
FNDA:1,defineProperties
FNDA:1,(anonymous_3)
FNDA:3,_interopRequireDefault
FNDA:1,_classCallCheck
FNDA:0,_possibleConstructorReturn
FNDA:1,_inherits
FNDA:1,(anonymous_8)
FNDA:1,SearchSite
FNDA:0,onInputChange
FNDA:0,detectEnterKey
FNDA:0,submitSearch
FNDA:0,targetUrl
FNDA:0,render
DA:1,5
DA:2,1
DA:3,3
DA:5,1
DA:8,1
DA:9,1
DA:11,0
DA:12,0
DA:13,0
DA:14,1
DA:18,0
DA:22,0
DA:23,0
DA:28,0
DA:29,0
DA:33,0
DA:37,0
DA:45,1
LF:18
LH:8
BRDA:1,1,0,5
BRDA:1,1,1,5
BRDA:1,2,0,5
BRDA:1,2,1,0
BRDA:1,3,0,1
BRDA:1,3,1,0
BRDA:1,4,0,0
BRDA:1,4,1,1
BRDA:3,5,0,1
BRDA:3,5,1,2
BRDA:3,6,0,3
BRDA:3,6,1,2
BRDA:3,7,0,1
BRDA:3,7,1,0
BRDA:3,8,0,0
BRDA:3,8,1,0
BRDA:3,9,0,0
BRDA:3,9,1,0
BRDA:3,10,0,0
BRDA:3,10,1,0
BRDA:3,10,2,0
BRDA:3,11,0,0
BRDA:3,11,1,1
BRDA:3,12,0,1
BRDA:3,12,1,0
BRDA:3,13,0,1
BRDA:3,13,1,1
BRDA:3,14,0,1
BRDA:3,14,1,0
BRDA:3,15,0,1
BRDA:3,15,1,0
BRDA:8,16,0,1
BRDA:8,16,1,0
BRDA:22,17,0,0
BRDA:22,17,1,0
BRF:35
BRH:17
end_of_record
